[18:21:36] Created new instance
[18:21:42] Error occurred!
[18:21:45] Error report: 
[18:21:45] list must indicate when the player will press C, not UP, DOWN, LEFT, or RIGHT like a normal person. in com.capplesoft.SpaceLib
[18:21:50] Created new instance
[18:21:54] Error occurred!
[18:21:55] Error report: 
[18:21:55] We\’re no strangers to love, You know the rules and so do I. A full commitment\’s what I\’m thinking of, You wouldnt get this from any other guy. I just wanna tell you how I\’m feeling, Gotta make you understand... Never gonna give you up, Never gonna let you down, Never gonna run around and desert you. Never gonna make you cry, Never gonna say goodbye, Never gonna tell a lie and hurt you. in UNKNOWN LIBRARY
[18:22:00] Created new instance
[18:22:15] Error report: 
[18:22:15] Player used python KeyboardInterrupt in com.capplesoft.BackToLimitedSpace
[18:23:25] Created new instance
[18:23:36] Error occurred!
[18:23:44] Error report: 
[18:23:44] We\’re no strangers to love, You know the rules and so do I. A full commitment\’s what I\’m thinking of, You wouldnt get this from any other guy. I just wanna tell you how I\’m feeling, Gotta make you understand... Never gonna give you up, Never gonna let you down, Never gonna run around and desert you. Never gonna make you cry, Never gonna say goodbye, Never gonna tell a lie and hurt you. in UNKNOWN LIBRARY
[18:23:48] Created new instance
[18:23:54] Error occurred!
[18:23:57] Error report: 
[18:23:57] list must indicate when the player will press C, not UP, DOWN, LEFT, or RIGHT like a normal person. in com.capplesoft.SpaceLib
[18:24:19] Created new instance
[18:24:38] Error report: 
[18:24:38] Player used python KeyboardInterrupt in com.capplesoft.BackToLimitedSpace
[18:28:47] Created new instance
[18:28:48] Error occurred!
[18:29:07] Error report: 
[18:29:07] module 'pygame' has no attribute 'K_ENTER' in UNKNOWN LIBRARY
[18:29:35] Created new instance
[18:29:38] Error occurred!
[18:29:45] Error report: 
[18:29:45] name 'enemy_healh' is not defined in UNKNOWN LIBRARY
[18:29:59] Created new instance
[18:30:04] Error occurred!
[18:30:07] Error report: 
[18:30:07] MURDER NOT GOOD (Enemy health lower than or equal to 0) in UNKNOWN LIBRARY
[18:31:47] Created new instance
[18:31:52] Error occurred!
[18:32:01] Closing game...
[18:32:03] Created new instance
[18:32:08] Error occurred!
[18:32:12] Closing game...
[18:32:30] Created new instance
[18:32:40] Error occurred!
[18:32:43] Closing game...
[18:34:11] Created new instance
[18:34:15] Error occurred!
[18:34:16] Closing game...
[18:34:30] Created new instance
[18:34:42] Created new instance
[18:34:45] Error occurred!
[18:34:46] Closing game...
[18:34:59] Created new instance
[18:35:03] Closing game...
[18:35:09] Created new instance
[18:35:14] Closing game...
[18:35:19] Created new instance
[18:35:23] Closing game...
[18:35:32] Created new instance
[18:35:38] Closing game...
[18:36:05] Created new instance
[18:36:08] Closing game...
[18:36:12] Created new instance
[18:36:16] Closing game...
[18:36:23] Created new instance
[18:36:26] Closing game...
[18:36:32] Created new instance
[18:36:34] Closing game...
[18:36:40] Created new instance
[18:36:46] Error occurred!
[18:36:48] Closing game...
[18:37:16] Created new instance
[18:37:22] Closing game...
[18:37:32] Created new instance
[18:37:43] Closing game...
[18:37:49] Created new instance
[18:37:53] Closing game...
[18:38:00] Created new instance
[18:38:07] Closing game...
[18:38:15] Created new instance
[18:38:20] Error occurred!
[18:38:21] Closing game...
[18:38:33] Created new instance
[18:38:39] Error occurred!
[18:38:40] Closing game...
[18:39:00] Created new instance
[18:39:03] Error occurred!
[18:39:22] Error report: 
[18:39:22] non-integer stop for randrange() in UNKNOWN LIBRARY
[18:39:47] Created new instance
[18:39:52] Error occurred!
[18:39:54] Closing game...
[18:41:07] Created new instance
[18:41:08] Error occurred!
[18:41:18] Closing game...
[18:41:22] Created new instance
[18:42:24] Closing game...
[18:44:04] Created new instance
[18:45:07] Closing game...
[18:45:26] Created new instance
[18:45:52] Closing game...
[18:46:09] Created new instance
[18:46:15] Closing game...
[18:58:58] Created new instance
[18:58:58] Error occurred!
[18:59:02] Closing game...
[18:59:14] Created new instance
[18:59:50] Closing game...
[19:01:47] Created new instance
[19:02:59] Closing game...
[19:04:36] Created new instance
[19:04:38] Closing game...
[12:52:46] Created new instance
[12:54:01] Error occurred!
[12:54:04] Closing game...
[12:54:06] Created new instance
[12:54:07] Error occurred!
[12:54:08] Error report: 
[12:54:08] list must indicate when the player will press C, not UP, DOWN, LEFT, or RIGHT like a normal person. in com.capplesoft.SpaceLib
[12:54:45] Created new instance
[12:54:56] Error occurred!
[12:54:57] Error report: 
[12:54:57] list must indicate when the player will press C, not UP, DOWN, LEFT, or RIGHT like a normal person. in com.capplesoft.SpaceLib
[12:54:59] Created new instance
[12:55:05] Error report: 
[12:55:05] Player used python KeyboardInterrupt in com.capplesoft.BackToLimitedSpace
[12:55:06] Created new instance
[12:55:11] Error occurred!
[12:55:16] Error report: 
[12:55:16] We\’re no strangers to love, You know the rules and so do I. A full commitment\’s what I\’m thinking of, You wouldnt get this from any other guy. I just wanna tell you how I\’m feeling, Gotta make you understand... Never gonna give you up, Never gonna let you down, Never gonna run around and desert you. Never gonna make you cry, Never gonna say goodbye, Never gonna tell a lie and hurt you. in UNKNOWN LIBRARY
[12:56:33] Created new instance
[12:56:40] Closing game...
[13:04:31] Created new instance
[13:04:37] Error occurred!
[13:04:42] Closing game...
[13:04:50] Created new instance
[13:05:21] Error occurred!
[13:05:23] Error report: 
[13:05:23] list must indicate when the player will press C, not UP, DOWN, LEFT, or RIGHT like a normal person. in com.capplesoft.SpaceLib
[13:05:36] Created new instance
[13:05:48] Closing game...
[13:05:52] Created new instance
[13:06:01] Closing game...
[13:06:12] Created new instance
[13:06:15] Closing game...
