[19:04:56] Created new instance
[19:05:12] Closing game...
[19:07:31] Created new instance
[19:07:35] Closing game...
[19:07:55] Created new instance
[19:08:45] Created new instance
[19:08:58] Closing game...
[19:10:45] Created new instance
[19:10:50] Closing game...
[19:11:25] Created new instance
[19:11:34] Closing game...
[19:12:05] Created new instance
[19:12:14] Closing game...
[19:12:31] Created new instance
[19:13:22] Closing game...
[19:14:11] Created new instance
[19:14:32] Closing game...
[16:36:15] Created new instance
[16:36:22] Error report: 
[16:36:22]  in UNKNOWN LIBRARY
[16:36:54] Created new instance
[16:36:58] Error report: 
[16:36:58]  in UNKNOWN LIBRARY
[16:37:43] Created new instance
[16:37:45] Error report: 
[16:37:45] name 'playepos' is not defined in UNKNOWN LIBRARY
[16:38:01] Created new instance
[16:38:04] Error report: 
[16:38:04] Catch my fall! in UNKNOWN LIBRARY
