Created new instance
Closing game...
Created new instance
Error report: 
PyJava crash in UNKNOWN LIBRARY
[12:34:28] Created new instance
[12:34:45] Error occurred!
[12:35:00] Error report: 
PyJava crash in UNKNOWN LIBRARY
[12:35:55] Created new instance
[12:35:58] Error occurred!
[12:35:59] Error report: 
[12:35:59] PyJava crash in UNKNOWN LIBRARY
[12:38:38] Created new instance
[12:38:55] Error occurred!
[12:39:00] Error report: 
[12:39:00] We\’re no strangers to love,
You know the rules and so do I.
A full commitment\’s what I\’m thinking of,
You wouldnt get this from any other guy.
I just wanna tell you how I\’m feeling,
Gotta make you understand…
Never gonna give you up,
Never gonna let you down,
Never gonna run around and desert you.
Never gonna make you cry,
Never gonna say goodbye,
Never gonna tell a lie and hurt you.
We\’ve known each other for so long
Your heart\’s been aching
But you\’re too shy to say it.
Inside we both know what’s been going on,
We know the game and we\’re gonna play it.
Annnnnd if you ask me how I\’m feeling,
Don\’t tell me you’re too blind to see…
Never gonna give you up,
Never gonna let you down,
Never gonna run around and desert you.
Never gonna make you cry,
Never gonna say goodbye,
Never gonna tell a lie and hurt you.
Never gonna give you up,
Never gonna let you down,
Never gonna run around and desert you.
Never gonna make you cry,
Never gonna say goodbye,
Never gonna tell a lie and hurt you.
Give you up. give you up.
Give you up, give you up.
Never gonna give
Never gonna give, give you up.
Never gonna give
Never gonna give, give you up.
We’ve known each other for so long
Your heart’s been aching
But you’re too shy to say it.
Inside we both know what’s been going on,
We know the game and we’re gonna play it.
I just wanna tell you how I’m feeling,
Gotta make you understand…
Never gonna give you up,
Never gonna let you down,
Never gonna run around and desert you.
Never gonna make you cry,
Never gonna say goodbye,
Never gonna tell a lie and hurt you.
Never gonna give you up,
Never gonna let you down,
Never gonna run around and desert you.
Never gonna make you cry,
Never gonna say goodbye,
Never gonna tell a lie and hurt you.
Never gonna give you up,
Never gonna let you down,
Never gonna run around and desert you.
Never gonna make you cry,
Never gonna say goodbye,
Never gonna tell a lie and hurt you. in UNKNOWN LIBRARY
[12:40:52] Created new instance
[12:41:02] Error occurred!
[12:41:04] Error report: 
[12:41:04] We\’re no strangers to love, You know the rules and so do I. A full commitment\’s what I\’m thinking of, You wouldnt get this from any other guy. I just wanna tell you how I\’m feeling, Gotta make you understand... Never gonna give you up, Never gonna let you down, Never gonna run around and desert you. Never gonna make you cry, Never gonna say goodbye, Never gonna tell a lie and hurt you. in UNKNOWN LIBRARY
[17:51:58] Created new instance
[17:52:00] Closing game...
[17:55:00] Created new instance
[17:55:11] Closing game...
[17:55:21] Created new instance
[17:55:29] Closing game...
[18:00:29] Created new instance
[18:00:33] Closing game...
[18:00:44] Created new instance
[18:01:07] Error occurred!
[18:01:19] Error report: 
[18:01:19] We\’re no strangers to love, You know the rules and so do I. A full commitment\’s what I\’m thinking of, You wouldnt get this from any other guy. I just wanna tell you how I\’m feeling, Gotta make you understand... Never gonna give you up, Never gonna let you down, Never gonna run around and desert you. Never gonna make you cry, Never gonna say goodbye, Never gonna tell a lie and hurt you. in UNKNOWN LIBRARY
